2021-04-22 21:14:45 [scrapy.utils.log] INFO: Scrapy 2.5.0 started (bot: vans)
2021-04-22 21:14:45 [scrapy.utils.log] INFO: Versions: lxml 4.6.3.0, libxml2 2.9.10, cssselect 1.1.0, parsel 1.6.0, w3lib 1.22.0, Twisted 21.2.0, Python 3.9.3 (default, Apr  8 2021, 23:35:02) - [GCC 10.2.0], pyOpenSSL 20.0.1 (OpenSSL 1.1.1k  25 Mar 2021), cryptography 3.4.7, Platform Linux-5.11.14-1-MANJARO-x86_64-with-glibc2.33
2021-04-22 21:14:45 [scrapy.utils.log] DEBUG: Using reactor: twisted.internet.epollreactor.EPollReactor
2021-04-22 21:14:45 [scrapy.crawler] INFO: Overridden settings:
{'BOT_NAME': 'vans',
 'NEWSPIDER_MODULE': 'vans.spiders',
 'ROBOTSTXT_OBEY': True,
 'SPIDER_MODULES': ['vans.spiders']}
2021-04-22 21:14:45 [scrapy.extensions.telnet] INFO: Telnet Password: 9132fe05605aed63
2021-04-22 21:14:45 [scrapy.middleware] INFO: Enabled extensions:
['scrapy.extensions.corestats.CoreStats',
 'scrapy.extensions.telnet.TelnetConsole',
 'scrapy.extensions.memusage.MemoryUsage',
 'scrapy.extensions.logstats.LogStats']
2021-04-22 21:14:45 [scrapy.middleware] INFO: Enabled downloader middlewares:
['scrapy.downloadermiddlewares.robotstxt.RobotsTxtMiddleware',
 'scrapy.downloadermiddlewares.httpauth.HttpAuthMiddleware',
 'scrapy.downloadermiddlewares.downloadtimeout.DownloadTimeoutMiddleware',
 'scrapy.downloadermiddlewares.defaultheaders.DefaultHeadersMiddleware',
 'scrapy.downloadermiddlewares.useragent.UserAgentMiddleware',
 'scrapy.downloadermiddlewares.retry.RetryMiddleware',
 'scrapy.downloadermiddlewares.redirect.MetaRefreshMiddleware',
 'scrapy.downloadermiddlewares.httpcompression.HttpCompressionMiddleware',
 'scrapy.downloadermiddlewares.redirect.RedirectMiddleware',
 'scrapy.downloadermiddlewares.cookies.CookiesMiddleware',
 'scrapy.downloadermiddlewares.httpproxy.HttpProxyMiddleware',
 'scrapy.downloadermiddlewares.stats.DownloaderStats']
2021-04-22 21:14:45 [scrapy.middleware] INFO: Enabled spider middlewares:
['scrapy.spidermiddlewares.httperror.HttpErrorMiddleware',
 'scrapy.spidermiddlewares.offsite.OffsiteMiddleware',
 'scrapy.spidermiddlewares.referer.RefererMiddleware',
 'scrapy.spidermiddlewares.urllength.UrlLengthMiddleware',
 'scrapy.spidermiddlewares.depth.DepthMiddleware']
2021-04-22 21:14:45 [scrapy.middleware] INFO: Enabled item pipelines:
['vans.pipelines.VansPipeline']
2021-04-22 21:14:45 [scrapy.core.engine] INFO: Spider opened
2021-04-22 21:14:45 [scrapy.extensions.logstats] INFO: Crawled 0 pages (at 0 pages/min), scraped 0 items (at 0 items/min)
2021-04-22 21:14:45 [scrapy.extensions.telnet] INFO: Telnet console listening on 127.0.0.1:6023
2021-04-22 21:14:45 [scrapy.core.engine] DEBUG: Crawled (200) <GET https://www.vans.co.uk/robots.txt> (referer: None)
2021-04-22 21:14:45 [scrapy.core.engine] DEBUG: Crawled (200) <GET https://www.vans.co.uk/webapp/wcs/stores/servlet/VFAjaxProductAvailabilityView?requestype=ajax&storeId=10158&langId=-11&productId=4166906&requesttype=ajax> (referer: None)
2021-04-22 21:14:45 [scrapy.core.scraper] DEBUG: Scraped from <200 https://www.vans.co.uk/webapp/wcs/stores/servlet/VFAjaxProductAvailabilityView?requestype=ajax&storeId=10158&langId=-11&productId=4166906&requesttype=ajax>
<ItemAdapter for dict(stock={'4171071': 0, '4171070': 0, '4171069': 0, '4171068': 0, '4171067': 0, '4171066': 0, '4171065': 11, '4171064': 0, '4171082': 1, '4171081': 0, '4171080': 0, '4171079': 0, '4171078': 0, '4171077': 0, '4171076': 0, '4171075': 0, '4171074': 0, '4171073': 0, '4171072': 0})>
2021-04-22 21:14:45 [scrapy.core.engine] INFO: Closing spider (finished)
2021-04-22 21:14:45 [scrapy.statscollectors] INFO: Dumping Scrapy stats:
{'downloader/request_bytes': 649,
 'downloader/request_count': 2,
 'downloader/request_method_count/GET': 2,
 'downloader/response_bytes': 3657,
 'downloader/response_count': 2,
 'downloader/response_status_count/200': 2,
 'elapsed_time_seconds': 0.521982,
 'finish_reason': 'finished',
 'finish_time': datetime.datetime(2021, 4, 22, 20, 14, 45, 670026),
 'httpcompression/response_bytes': 2846,
 'httpcompression/response_count': 1,
 'item_scraped_count': 1,
 'log_count/DEBUG': 3,
 'log_count/INFO': 10,
 'memusage/max': 57315328,
 'memusage/startup': 57315328,
 'response_received_count': 2,
 'robotstxt/request_count': 1,
 'robotstxt/response_count': 1,
 'robotstxt/response_status_count/200': 1,
 'scheduler/dequeued': 1,
 'scheduler/dequeued/memory': 1,
 'scheduler/enqueued': 1,
 'scheduler/enqueued/memory': 1,
 'start_time': datetime.datetime(2021, 4, 22, 20, 14, 45, 148044)}
2021-04-22 21:14:45 [scrapy.core.engine] INFO: Spider closed (finished)
